2015-03-23 03:39:10.649 Turnup[36139:903216] DiskCookieStorage changing policy from 2 to 0, cookie file: file:///Users/Johnny/Library/Developer/CoreSimulator/Devices/E1F3A891-20C4-481D-B621-080D1D2DC018/data/Containers/Data/Application/F330961C-1363-47E8-A527-DF4F929EF9FC/Library/Cookies/Cookies.binarycookies
2015-03-23 03:39:10.694 Turnup[36139:903216] Apache Cordova native platform version 3.7.0 is starting.
2015-03-23 03:39:10.694 Turnup[36139:903216] Multi-tasking -> Device: YES, App: YES
2015-03-23 03:39:10.695 Turnup[36139:903216] Unlimited access to network resources
2015-03-23 03:39:10.771 Turnup[36139:903216] CDVPlugin class IonicKeyboard (pluginName: keyboard) does not exist.
2015-03-23 03:39:10.771 Turnup[36139:903216] [CDVTimer][keyboard] 0.141025ms
2015-03-23 03:39:10.771 Turnup[36139:903216] [CDVTimer][TotalPluginStartup] 0.261009ms
2015-03-23 03:39:10.868 Turnup[36139:903216] Resetting plugins due to page load.
2015-03-23 03:39:11.156 Turnup[36139:903216] Finished load of: http://192.168.1.239:8100/#/welcome
2015-03-23 03:40:17.370 Turnup[36139:903216] CDVPlugin class IonicKeyboard (pluginName: Keyboard) does not exist.
2015-03-23 03:40:17.370 Turnup[36139:903216] ERROR: Plugin 'Keyboard' not found, or is not a CDVPlugin. Check your plugin mapping in config.xml.
2015-03-23 03:40:17.370 Turnup[36139:903216] -[CDVCommandQueue executePending] [Line 158] FAILED pluginJSON = [
  "INVALID",
  "Keyboard",
  "close",
  [

  ]
]
2015-03-23 03:40:26.188 Turnup[36139:903216] CDVPlugin class IonicKeyboard (pluginName: Keyboard) does not exist.
2015-03-23 03:40:26.188 Turnup[36139:903216] ERROR: Plugin 'Keyboard' not found, or is not a CDVPlugin. Check your plugin mapping in config.xml.
2015-03-23 03:40:26.188 Turnup[36139:903216] -[CDVCommandQueue executePending] [Line 158] FAILED pluginJSON = [
  "INVALID",
  "Keyboard",
  "close",
  [

  ]
]
2015-03-23 03:40:26.188 Turnup[36139:903216] CDVPlugin class IonicKeyboard (pluginName: Keyboard) does not exist.
2015-03-23 03:40:26.188 Turnup[36139:903216] ERROR: Plugin 'Keyboard' not found, or is not a CDVPlugin. Check your plugin mapping in config.xml.
2015-03-23 03:40:26.188 Turnup[36139:903216] -[CDVCommandQueue executePending] [Line 158] FAILED pluginJSON = [
  "INVALID",
  "Keyboard",
  "close",
  [

  ]
]
2015-03-23 03:41:15.549 Turnup[36139:903216] Resetting plugins due to page load.
2015-03-23 03:41:15.957 Turnup[36139:903216] Finished load of: http://192.168.1.239:8100/#/app/home?clear=true
2015-03-23 03:41:15.986 Turnup[36139:903216] CDVPlugin class IonicKeyboard (pluginName: Keyboard) does not exist.
2015-03-23 03:41:15.986 Turnup[36139:903216] ERROR: Plugin 'Keyboard' not found, or is not a CDVPlugin. Check your plugin mapping in config.xml.
2015-03-23 03:41:15.986 Turnup[36139:903216] -[CDVCommandQueue executePending] [Line 158] FAILED pluginJSON = [
  "INVALID",
  "Keyboard",
  "close",
  [

  ]
]
2015-03-23 03:41:16.038 Turnup[36139:903216] CDVPlugin class IonicKeyboard (pluginName: Keyboard) does not exist.
2015-03-23 03:41:16.038 Turnup[36139:903216] ERROR: Plugin 'Keyboard' not found, or is not a CDVPlugin. Check your plugin mapping in config.xml.
2015-03-23 03:41:16.038 Turnup[36139:903216] -[CDVCommandQueue executePending] [Line 158] FAILED pluginJSON = [
  "INVALID",
  "Keyboard",
  "close",
  [

  ]
]
2015-03-23 03:41:41.995 Turnup[36139:903216] Resetting plugins due to page load.
2015-03-23 03:41:42.126 Turnup[36139:903216] Finished load of: http://192.168.1.239:8100/#/app/home?clear=true
2015-03-23 03:41:42.164 Turnup[36139:903216] CDVPlugin class IonicKeyboard (pluginName: Keyboard) does not exist.
2015-03-23 03:41:42.164 Turnup[36139:903216] ERROR: Plugin 'Keyboard' not found, or is not a CDVPlugin. Check your plugin mapping in config.xml.
2015-03-23 03:41:42.164 Turnup[36139:903216] -[CDVCommandQueue executePending] [Line 158] FAILED pluginJSON = [
  "INVALID",
  "Keyboard",
  "close",
  [

  ]
]
2015-03-23 03:41:42.194 Turnup[36139:903216] CDVPlugin class IonicKeyboard (pluginName: Keyboard) does not exist.
2015-03-23 03:41:42.194 Turnup[36139:903216] ERROR: Plugin 'Keyboard' not found, or is not a CDVPlugin. Check your plugin mapping in config.xml.
2015-03-23 03:41:42.194 Turnup[36139:903216] -[CDVCommandQueue executePending] [Line 158] FAILED pluginJSON = [
  "INVALID",
  "Keyboard",
  "close",
  [

  ]
]
2015-03-23 03:45:02.490 Turnup[36139:903216] Resetting plugins due to page load.
2015-03-23 03:45:02.492 Turnup[36139:903216] Failed to load webpage with error: The operation couldn’t be completed. (NSURLErrorDomain error -999.)
2015-03-23 03:45:02.492 Turnup[36139:903216] Resetting plugins due to page load.
2015-03-23 03:45:02.697 Turnup[36139:903216] Finished load of: http://192.168.1.239:8100/#/app/home?clear=true
2015-03-23 03:45:02.734 Turnup[36139:903216] CDVPlugin class IonicKeyboard (pluginName: Keyboard) does not exist.
2015-03-23 03:45:02.734 Turnup[36139:903216] ERROR: Plugin 'Keyboard' not found, or is not a CDVPlugin. Check your plugin mapping in config.xml.
2015-03-23 03:45:02.735 Turnup[36139:903216] -[CDVCommandQueue executePending] [Line 158] FAILED pluginJSON = [
  "INVALID",
  "Keyboard",
  "close",
  [

  ]
]
2015-03-23 03:45:02.763 Turnup[36139:903216] CDVPlugin class IonicKeyboard (pluginName: Keyboard) does not exist.
2015-03-23 03:45:02.764 Turnup[36139:903216] ERROR: Plugin 'Keyboard' not found, or is not a CDVPlugin. Check your plugin mapping in config.xml.
2015-03-23 03:45:02.764 Turnup[36139:903216] -[CDVCommandQueue executePending] [Line 158] FAILED pluginJSON = [
  "INVALID",
  "Keyboard",
  "close",
  [

  ]
]
2015-03-23 03:46:07.355 Turnup[36139:903216] Resetting plugins due to page load.
2015-03-23 03:46:07.515 Turnup[36139:903216] Finished load of: http://192.168.1.239:8100/#/app/home?clear=true
2015-03-23 03:46:07.543 Turnup[36139:903216] CDVPlugin class IonicKeyboard (pluginName: Keyboard) does not exist.
2015-03-23 03:46:07.543 Turnup[36139:903216] ERROR: Plugin 'Keyboard' not found, or is not a CDVPlugin. Check your plugin mapping in config.xml.
2015-03-23 03:46:07.543 Turnup[36139:903216] -[CDVCommandQueue executePending] [Line 158] FAILED pluginJSON = [
  "INVALID",
  "Keyboard",
  "close",
  [

  ]
]
2015-03-23 03:46:07.604 Turnup[36139:903216] CDVPlugin class IonicKeyboard (pluginName: Keyboard) does not exist.
2015-03-23 03:46:07.604 Turnup[36139:903216] ERROR: Plugin 'Keyboard' not found, or is not a CDVPlugin. Check your plugin mapping in config.xml.
2015-03-23 03:46:07.604 Turnup[36139:903216] -[CDVCommandQueue executePending] [Line 158] FAILED pluginJSON = [
  "INVALID",
  "Keyboard",
  "close",
  [

  ]
]
2015-03-23 03:46:27.812 Turnup[36139:903216] Resetting plugins due to page load.
2015-03-23 03:46:27.907 Turnup[36139:903216] Finished load of: http://192.168.1.239:8100/#/app/home?clear=true
2015-03-23 03:46:27.933 Turnup[36139:903216] CDVPlugin class IonicKeyboard (pluginName: Keyboard) does not exist.
2015-03-23 03:46:27.934 Turnup[36139:903216] ERROR: Plugin 'Keyboard' not found, or is not a CDVPlugin. Check your plugin mapping in config.xml.
2015-03-23 03:46:27.934 Turnup[36139:903216] -[CDVCommandQueue executePending] [Line 158] FAILED pluginJSON = [
  "INVALID",
  "Keyboard",
  "close",
  [

  ]
]
2015-03-23 03:46:27.954 Turnup[36139:903216] CDVPlugin class IonicKeyboard (pluginName: Keyboard) does not exist.
2015-03-23 03:46:27.954 Turnup[36139:903216] ERROR: Plugin 'Keyboard' not found, or is not a CDVPlugin. Check your plugin mapping in config.xml.
2015-03-23 03:46:27.955 Turnup[36139:903216] -[CDVCommandQueue executePending] [Line 158] FAILED pluginJSON = [
  "INVALID",
  "Keyboard",
  "close",
  [

  ]
]
2015-03-23 03:47:17.517 Turnup[36139:903216] Resetting plugins due to page load.
2015-03-23 03:47:17.712 Turnup[36139:903216] Finished load of: http://192.168.1.239:8100/#/app/home?clear=true
2015-03-23 03:47:17.737 Turnup[36139:903216] CDVPlugin class IonicKeyboard (pluginName: Keyboard) does not exist.
2015-03-23 03:47:17.737 Turnup[36139:903216] ERROR: Plugin 'Keyboard' not found, or is not a CDVPlugin. Check your plugin mapping in config.xml.
2015-03-23 03:47:17.737 Turnup[36139:903216] -[CDVCommandQueue executePending] [Line 158] FAILED pluginJSON = [
  "INVALID",
  "Keyboard",
  "close",
  [

  ]
]
2015-03-23 03:47:17.758 Turnup[36139:903216] CDVPlugin class IonicKeyboard (pluginName: Keyboard) does not exist.
2015-03-23 03:47:17.758 Turnup[36139:903216] ERROR: Plugin 'Keyboard' not found, or is not a CDVPlugin. Check your plugin mapping in config.xml.
2015-03-23 03:47:17.758 Turnup[36139:903216] -[CDVCommandQueue executePending] [Line 158] FAILED pluginJSON = [
  "INVALID",
  "Keyboard",
  "close",
  [

  ]
]
2015-03-23 03:48:31.572 Turnup[36139:903216] Resetting plugins due to page load.
2015-03-23 03:48:31.741 Turnup[36139:903216] Finished load of: http://192.168.1.239:8100/#/app/home?clear=true
2015-03-23 03:48:31.767 Turnup[36139:903216] CDVPlugin class IonicKeyboard (pluginName: Keyboard) does not exist.
2015-03-23 03:48:31.767 Turnup[36139:903216] ERROR: Plugin 'Keyboard' not found, or is not a CDVPlugin. Check your plugin mapping in config.xml.
2015-03-23 03:48:31.768 Turnup[36139:903216] -[CDVCommandQueue executePending] [Line 158] FAILED pluginJSON = [
  "INVALID",
  "Keyboard",
  "close",
  [

  ]
]
2015-03-23 03:48:31.789 Turnup[36139:903216] CDVPlugin class IonicKeyboard (pluginName: Keyboard) does not exist.
2015-03-23 03:48:31.789 Turnup[36139:903216] ERROR: Plugin 'Keyboard' not found, or is not a CDVPlugin. Check your plugin mapping in config.xml.
2015-03-23 03:48:31.789 Turnup[36139:903216] -[CDVCommandQueue executePending] [Line 158] FAILED pluginJSON = [
  "INVALID",
  "Keyboard",
  "close",
  [

  ]
]
2015-03-23 03:49:00.335 Turnup[36139:903216] Resetting plugins due to page load.
2015-03-23 03:49:00.424 Turnup[36139:903216] Finished load of: http://192.168.1.239:8100/#/app/home?clear=true
2015-03-23 03:49:00.450 Turnup[36139:903216] CDVPlugin class IonicKeyboard (pluginName: Keyboard) does not exist.
2015-03-23 03:49:00.450 Turnup[36139:903216] ERROR: Plugin 'Keyboard' not found, or is not a CDVPlugin. Check your plugin mapping in config.xml.
2015-03-23 03:49:00.450 Turnup[36139:903216] -[CDVCommandQueue executePending] [Line 158] FAILED pluginJSON = [
  "INVALID",
  "Keyboard",
  "close",
  [

  ]
]
2015-03-23 03:49:00.471 Turnup[36139:903216] CDVPlugin class IonicKeyboard (pluginName: Keyboard) does not exist.
2015-03-23 03:49:00.471 Turnup[36139:903216] ERROR: Plugin 'Keyboard' not found, or is not a CDVPlugin. Check your plugin mapping in config.xml.
2015-03-23 03:49:00.471 Turnup[36139:903216] -[CDVCommandQueue executePending] [Line 158] FAILED pluginJSON = [
  "INVALID",
  "Keyboard",
  "close",
  [

  ]
]
2015-03-23 03:49:25.790 Turnup[36139:903216] Resetting plugins due to page load.
2015-03-23 03:49:25.901 Turnup[36139:903216] Finished load of: http://192.168.1.239:8100/#/app/home?clear=true
2015-03-23 03:49:25.924 Turnup[36139:903216] CDVPlugin class IonicKeyboard (pluginName: Keyboard) does not exist.
2015-03-23 03:49:25.924 Turnup[36139:903216] ERROR: Plugin 'Keyboard' not found, or is not a CDVPlugin. Check your plugin mapping in config.xml.
2015-03-23 03:49:25.924 Turnup[36139:903216] -[CDVCommandQueue executePending] [Line 158] FAILED pluginJSON = [
  "INVALID",
  "Keyboard",
  "close",
  [

  ]
]
2015-03-23 03:49:25.979 Turnup[36139:903216] CDVPlugin class IonicKeyboard (pluginName: Keyboard) does not exist.
2015-03-23 03:49:25.979 Turnup[36139:903216] ERROR: Plugin 'Keyboard' not found, or is not a CDVPlugin. Check your plugin mapping in config.xml.
2015-03-23 03:49:25.979 Turnup[36139:903216] -[CDVCommandQueue executePending] [Line 158] FAILED pluginJSON = [
  "INVALID",
  "Keyboard",
  "close",
  [

  ]
]
2015-03-23 03:49:47.628 Turnup[36139:903216] Resetting plugins due to page load.
2015-03-23 03:49:47.724 Turnup[36139:903216] Finished load of: http://192.168.1.239:8100/#/app/home?clear=true
2015-03-23 03:49:47.748 Turnup[36139:903216] CDVPlugin class IonicKeyboard (pluginName: Keyboard) does not exist.
2015-03-23 03:49:47.748 Turnup[36139:903216] ERROR: Plugin 'Keyboard' not found, or is not a CDVPlugin. Check your plugin mapping in config.xml.
2015-03-23 03:49:47.748 Turnup[36139:903216] -[CDVCommandQueue executePending] [Line 158] FAILED pluginJSON = [
  "INVALID",
  "Keyboard",
  "close",
  [

  ]
]
2015-03-23 03:49:47.801 Turnup[36139:903216] CDVPlugin class IonicKeyboard (pluginName: Keyboard) does not exist.
2015-03-23 03:49:47.801 Turnup[36139:903216] ERROR: Plugin 'Keyboard' not found, or is not a CDVPlugin. Check your plugin mapping in config.xml.
2015-03-23 03:49:47.801 Turnup[36139:903216] -[CDVCommandQueue executePending] [Line 158] FAILED pluginJSON = [
  "INVALID",
  "Keyboard",
  "close",
  [

  ]
]
2015-03-23 03:49:53.259 Turnup[36139:903216] Resetting plugins due to page load.
2015-03-23 03:49:53.350 Turnup[36139:903216] Finished load of: http://192.168.1.239:8100/#/app/home?clear=true
2015-03-23 03:49:53.374 Turnup[36139:903216] CDVPlugin class IonicKeyboard (pluginName: Keyboard) does not exist.
2015-03-23 03:49:53.374 Turnup[36139:903216] ERROR: Plugin 'Keyboard' not found, or is not a CDVPlugin. Check your plugin mapping in config.xml.
2015-03-23 03:49:53.374 Turnup[36139:903216] -[CDVCommandQueue executePending] [Line 158] FAILED pluginJSON = [
  "INVALID",
  "Keyboard",
  "close",
  [

  ]
]
2015-03-23 03:49:53.429 Turnup[36139:903216] CDVPlugin class IonicKeyboard (pluginName: Keyboard) does not exist.
2015-03-23 03:49:53.429 Turnup[36139:903216] ERROR: Plugin 'Keyboard' not found, or is not a CDVPlugin. Check your plugin mapping in config.xml.
2015-03-23 03:49:53.429 Turnup[36139:903216] -[CDVCommandQueue executePending] [Line 158] FAILED pluginJSON = [
  "INVALID",
  "Keyboard",
  "close",
  [

  ]
]
2015-03-23 03:50:18.711 Turnup[36139:903216] Resetting plugins due to page load.
2015-03-23 03:50:18.818 Turnup[36139:903216] Finished load of: http://192.168.1.239:8100/#/app/home?clear=true
2015-03-23 03:50:18.844 Turnup[36139:903216] CDVPlugin class IonicKeyboard (pluginName: Keyboard) does not exist.
2015-03-23 03:50:18.844 Turnup[36139:903216] ERROR: Plugin 'Keyboard' not found, or is not a CDVPlugin. Check your plugin mapping in config.xml.
2015-03-23 03:50:18.845 Turnup[36139:903216] -[CDVCommandQueue executePending] [Line 158] FAILED pluginJSON = [
  "INVALID",
  "Keyboard",
  "close",
  [

  ]
]
2015-03-23 03:50:18.904 Turnup[36139:903216] CDVPlugin class IonicKeyboard (pluginName: Keyboard) does not exist.
2015-03-23 03:50:18.904 Turnup[36139:903216] ERROR: Plugin 'Keyboard' not found, or is not a CDVPlugin. Check your plugin mapping in config.xml.
2015-03-23 03:50:18.904 Turnup[36139:903216] -[CDVCommandQueue executePending] [Line 158] FAILED pluginJSON = [
  "INVALID",
  "Keyboard",
  "close",
  [

  ]
]
2015-03-23 03:50:31.150 Turnup[36139:903216] CDVPlugin class IonicKeyboard (pluginName: Keyboard) does not exist.
2015-03-23 03:50:31.150 Turnup[36139:903216] ERROR: Plugin 'Keyboard' not found, or is not a CDVPlugin. Check your plugin mapping in config.xml.
2015-03-23 03:50:31.151 Turnup[36139:903216] -[CDVCommandQueue executePending] [Line 158] FAILED pluginJSON = [
  "INVALID",
  "Keyboard",
  "close",
  [

  ]
]
2015-03-23 03:50:32.667 Turnup[36139:903216] CDVPlugin class IonicKeyboard (pluginName: Keyboard) does not exist.
2015-03-23 03:50:32.667 Turnup[36139:903216] ERROR: Plugin 'Keyboard' not found, or is not a CDVPlugin. Check your plugin mapping in config.xml.
2015-03-23 03:50:32.667 Turnup[36139:903216] -[CDVCommandQueue executePending] [Line 158] FAILED pluginJSON = [
  "INVALID",
  "Keyboard",
  "close",
  [

  ]
]
2015-03-23 03:50:43.482 Turnup[36139:903216] CDVPlugin class IonicKeyboard (pluginName: Keyboard) does not exist.
2015-03-23 03:50:43.482 Turnup[36139:903216] ERROR: Plugin 'Keyboard' not found, or is not a CDVPlugin. Check your plugin mapping in config.xml.
2015-03-23 03:50:43.482 Turnup[36139:903216] -[CDVCommandQueue executePending] [Line 158] FAILED pluginJSON = [
  "INVALID",
  "Keyboard",
  "close",
  [

  ]
]
2015-03-23 03:50:43.482 Turnup[36139:903216] CDVPlugin class IonicKeyboard (pluginName: Keyboard) does not exist.
2015-03-23 03:50:43.482 Turnup[36139:903216] ERROR: Plugin 'Keyboard' not found, or is not a CDVPlugin. Check your plugin mapping in config.xml.
2015-03-23 03:50:43.482 Turnup[36139:903216] -[CDVCommandQueue executePending] [Line 158] FAILED pluginJSON = [
  "INVALID",
  "Keyboard",
  "close",
  [

  ]
]
2015-03-23 03:51:31.487 Turnup[36139:903216] Resetting plugins due to page load.
2015-03-23 03:51:31.663 Turnup[36139:903216] Finished load of: http://192.168.1.239:8100/#/app/home?clear=true
2015-03-23 03:51:31.688 Turnup[36139:903216] CDVPlugin class IonicKeyboard (pluginName: Keyboard) does not exist.
2015-03-23 03:51:31.688 Turnup[36139:903216] ERROR: Plugin 'Keyboard' not found, or is not a CDVPlugin. Check your plugin mapping in config.xml.
2015-03-23 03:51:31.688 Turnup[36139:903216] -[CDVCommandQueue executePending] [Line 158] FAILED pluginJSON = [
  "INVALID",
  "Keyboard",
  "close",
  [

  ]
]
2015-03-23 03:51:31.712 Turnup[36139:903216] CDVPlugin class IonicKeyboard (pluginName: Keyboard) does not exist.
2015-03-23 03:51:31.712 Turnup[36139:903216] ERROR: Plugin 'Keyboard' not found, or is not a CDVPlugin. Check your plugin mapping in config.xml.
2015-03-23 03:51:31.712 Turnup[36139:903216] -[CDVCommandQueue executePending] [Line 158] FAILED pluginJSON = [
  "INVALID",
  "Keyboard",
  "close",
  [

  ]
]
2015-03-23 03:51:37.445 Turnup[36139:903216] CDVPlugin class IonicKeyboard (pluginName: Keyboard) does not exist.
2015-03-23 03:51:37.445 Turnup[36139:903216] ERROR: Plugin 'Keyboard' not found, or is not a CDVPlugin. Check your plugin mapping in config.xml.
2015-03-23 03:51:37.445 Turnup[36139:903216] -[CDVCommandQueue executePending] [Line 158] FAILED pluginJSON = [
  "INVALID",
  "Keyboard",
  "close",
  [

  ]
]
2015-03-23 03:51:38.768 Turnup[36139:903216] CDVPlugin class IonicKeyboard (pluginName: Keyboard) does not exist.
2015-03-23 03:51:38.768 Turnup[36139:903216] ERROR: Plugin 'Keyboard' not found, or is not a CDVPlugin. Check your plugin mapping in config.xml.
2015-03-23 03:51:38.768 Turnup[36139:903216] -[CDVCommandQueue executePending] [Line 158] FAILED pluginJSON = [
  "INVALID",
  "Keyboard",
  "close",
  [

  ]
]
2015-03-23 03:51:48.574 Turnup[36139:903216] CDVPlugin class IonicKeyboard (pluginName: Keyboard) does not exist.
2015-03-23 03:51:48.574 Turnup[36139:903216] ERROR: Plugin 'Keyboard' not found, or is not a CDVPlugin. Check your plugin mapping in config.xml.
2015-03-23 03:51:48.574 Turnup[36139:903216] -[CDVCommandQueue executePending] [Line 158] FAILED pluginJSON = [
  "INVALID",
  "Keyboard",
  "close",
  [

  ]
]
2015-03-23 03:51:48.575 Turnup[36139:903216] CDVPlugin class IonicKeyboard (pluginName: Keyboard) does not exist.
2015-03-23 03:51:48.575 Turnup[36139:903216] ERROR: Plugin 'Keyboard' not found, or is not a CDVPlugin. Check your plugin mapping in config.xml.
2015-03-23 03:51:48.575 Turnup[36139:903216] -[CDVCommandQueue executePending] [Line 158] FAILED pluginJSON = [
  "INVALID",
  "Keyboard",
  "close",
  [

  ]
]
2015-03-23 03:52:29.423 Turnup[36139:903216] CDVPlugin class IonicKeyboard (pluginName: Keyboard) does not exist.
2015-03-23 03:52:29.423 Turnup[36139:903216] ERROR: Plugin 'Keyboard' not found, or is not a CDVPlugin. Check your plugin mapping in config.xml.
2015-03-23 03:52:29.424 Turnup[36139:903216] -[CDVCommandQueue executePending] [Line 158] FAILED pluginJSON = [
  "INVALID",
  "Keyboard",
  "close",
  [

  ]
]
